<?xml version="1.0" encoding="UTF-8"?>
<testng-results ignored="0" total="2" passed="2" failed="0" skipped="0">
  <reporter-output>
  </reporter-output>
  <suite started-at="2022-12-02T05:51:17Z" name="Default suite" finished-at="2022-12-02T05:52:52Z" duration-ms="94744">
    <groups>
    </groups>
    <test started-at="2022-12-02T05:51:17Z" name="Default test" finished-at="2022-12-02T05:52:52Z" duration-ms="94744">
      <class name="Element_library.Selllogin">
        <test-method is-config="true" signature="opendatabase()[pri:0, instance:Element_library.Selllogin@75437611]" started-at="2022-12-02T05:51:17Z" name="opendatabase" finished-at="2022-12-02T05:51:17Z" duration-ms="60" status="PASS">
          <reporter-output>
          </reporter-output>
        </test-method> <!-- opendatabase -->
        <test-method is-config="true" signature="lunchbrowser()[pri:0, instance:Element_library.Selllogin@75437611]" started-at="2022-12-02T05:51:17Z" name="lunchbrowser" finished-at="2022-12-02T05:52:18Z" duration-ms="60991" status="PASS">
          <reporter-output>
          </reporter-output>
        </test-method> <!-- lunchbrowser -->
        <test-method is-config="true" signature="LoginApplication()[pri:0, instance:Element_library.Selllogin@75437611]" started-at="2022-12-02T05:52:18Z" name="LoginApplication" finished-at="2022-12-02T05:52:18Z" duration-ms="0" status="PASS">
          <reporter-output>
          </reporter-output>
        </test-method> <!-- LoginApplication -->
        <test-method signature="loginpage()[pri:0, instance:Element_library.Selllogin@75437611]" started-at="2022-12-02T05:52:18Z" name="loginpage" finished-at="2022-12-02T05:52:38Z" duration-ms="19202" status="PASS">
          <reporter-output>
          </reporter-output>
        </test-method> <!-- loginpage -->
        <test-method is-config="true" signature="LogoutApplication()[pri:0, instance:Element_library.Selllogin@75437611]" started-at="2022-12-02T05:52:38Z" name="LogoutApplication" finished-at="2022-12-02T05:52:38Z" duration-ms="2" status="PASS">
          <reporter-output>
          </reporter-output>
        </test-method> <!-- LogoutApplication -->
        <test-method is-config="true" signature="LoginApplication()[pri:0, instance:Element_library.Selllogin@75437611]" started-at="2022-12-02T05:52:38Z" name="LoginApplication" finished-at="2022-12-02T05:52:38Z" duration-ms="0" status="PASS">
          <reporter-output>
          </reporter-output>
        </test-method> <!-- LoginApplication -->
        <test-method signature="selllogin()[pri:0, instance:Element_library.Selllogin@75437611]" started-at="2022-12-02T05:52:38Z" name="selllogin" finished-at="2022-12-02T05:52:49Z" duration-ms="10848" status="PASS">
          <reporter-output>
          </reporter-output>
        </test-method> <!-- selllogin -->
        <test-method is-config="true" signature="LogoutApplication()[pri:0, instance:Element_library.Selllogin@75437611]" started-at="2022-12-02T05:52:49Z" name="LogoutApplication" finished-at="2022-12-02T05:52:49Z" duration-ms="1" status="PASS">
          <reporter-output>
          </reporter-output>
        </test-method> <!-- LogoutApplication -->
        <test-method is-config="true" signature="closebrowser()[pri:0, instance:Element_library.Selllogin@75437611]" started-at="2022-12-02T05:52:49Z" name="closebrowser" finished-at="2022-12-02T05:52:52Z" duration-ms="3540" status="PASS">
          <reporter-output>
          </reporter-output>
        </test-method> <!-- closebrowser -->
        <test-method is-config="true" signature="closedatabase()[pri:0, instance:Element_library.Selllogin@75437611]" started-at="2022-12-02T05:52:53Z" name="closedatabase" finished-at="2022-12-02T05:52:53Z" duration-ms="1" status="PASS">
          <reporter-output>
          </reporter-output>
        </test-method> <!-- closedatabase -->
      </class> <!-- Element_library.Selllogin -->
    </test> <!-- Default test -->
  </suite> <!-- Default suite -->
</testng-results>
